<?xml version="1.0" encoding="UTF-8"?>
<!-- Generated by org.testng.reporters.JUnitXMLReporter -->
<testsuite ignored="8" hostname="LAPTOP-NKU64D16" failures="0" tests="2" name="smoketesting" time="0.111" errors="0" timestamp="2023-02-10T13:33:41 IST">
  <testcase classname="learntestng.Kgf" name="chacha" time="0.02"/>
  <testcase classname="learntestng.Kgf" name="suryavardhan" time="0.005"/>
  <testcase classname="learntestng.Kgf" name="adheera" time="0.0">
    <ignored/>
  </testcase> <!-- adheera -->
  <testcase classname="learntestng.Kgf" name="reena" time="0.0">
    <ignored/>
  </testcase> <!-- reena -->
  <testcase classname="learntestng.Kgf" name="vanaram" time="0.0">
    <ignored/>
  </testcase> <!-- vanaram -->
  <testcase classname="learntestng.Kgf" name="ramikasen" time="0.0">
    <ignored/>
  </testcase> <!-- ramikasen -->
  <testcase classname="learntestng.Kgf" name="mumbaishetty" time="0.0">
    <ignored/>
  </testcase> <!-- mumbaishetty -->
  <testcase classname="learntestng.Kgf" name="rocky" time="0.0">
    <ignored/>
  </testcase> <!-- rocky -->
  <testcase classname="learntestng.Kgf" name="rajendraDesai" time="0.0">
    <ignored/>
  </testcase> <!-- rajendraDesai -->
  <testcase classname="learntestng.Kgf" name="garuda" time="0.0">
    <ignored/>
  </testcase> <!-- garuda -->
</testsuite> <!-- smoketesting -->
