<?xml version="1.0" encoding="UTF-8"?>
<!-- Generated by org.testng.reporters.JUnitXMLReporter -->
<testsuite ignored="1" hostname="LAPTOP-NKU64D16" failures="0" tests="10" name="Test" time="0.481" errors="0" timestamp="2023-02-09T22:04:38 IST">
  <testcase classname="learntestng.Kgf" name="rocky" time="0.053"/>
  <testcase classname="learntestng.Kgf" name="rocky" time="0.008"/>
  <testcase classname="learntestng.Kgf" name="reena" time="0.005"/>
  <testcase classname="learntestng.Kgf" name="garuda" time="0.004"/>
  <testcase classname="learntestng.Kgf" name="chacha" time="0.014"/>
  <testcase classname="learntestng.Kgf" name="rajendraDesai" time="0.025"/>
  <testcase classname="learntestng.Kgf" name="mumbaishetty" time="0.011"/>
  <testcase classname="learntestng.Kgf" name="ramikasen" time="0.122"/>
  <testcase classname="learntestng.Kgf" name="suryavardhan" time="0.005"/>
  <testcase classname="learntestng.Kgf" name="adheera" time="0.004"/>
  <testcase classname="learntestng.Kgf" name="vanaram" time="0.0">
    <ignored/>
  </testcase> <!-- vanaram -->
</testsuite> <!-- Test -->
