<?xml version="1.0" encoding="UTF-8"?>
<testng-results ignored="0" total="1" passed="1" failed="0" skipped="0">
  <reporter-output>
  </reporter-output>
  <suite started-at="2023-05-05T12:42:37 IST" name="Default suite" finished-at="2023-05-05T12:43:22 IST" duration-ms="44799">
    <groups>
    </groups>
    <test started-at="2023-05-05T12:42:37 IST" name="Default test" finished-at="2023-05-05T12:43:22 IST" duration-ms="44799">
      <class name="alltrellotestcases.Trello_01_trelloLoginPageAfterLogin">
        <test-method is-config="true" signature="configBrforeMethod()[pri:0, instance:alltrellotestcases.Trello_01_trelloLoginPageAfterLogin@38c6f217]" started-at="2023-05-05T12:42:37 IST" name="configBrforeMethod" finished-at="2023-05-05T12:43:02 IST" duration-ms="25458" status="PASS">
          <reporter-output>
          </reporter-output>
        </test-method> <!-- configBrforeMethod -->
        <test-method signature="Login()[pri:0, instance:alltrellotestcases.Trello_01_trelloLoginPageAfterLogin@38c6f217]" started-at="2023-05-05T12:43:02 IST" name="Login" finished-at="2023-05-05T12:43:19 IST" duration-ms="16684" status="PASS">
          <reporter-output>
          </reporter-output>
        </test-method> <!-- Login -->
        <test-method is-config="true" signature="configAfterMethod()[pri:0, instance:alltrellotestcases.Trello_01_trelloLoginPageAfterLogin@38c6f217]" started-at="2023-05-05T12:43:19 IST" name="configAfterMethod" finished-at="2023-05-05T12:43:22 IST" duration-ms="2552" status="PASS">
          <reporter-output>
          </reporter-output>
        </test-method> <!-- configAfterMethod -->
      </class> <!-- alltrellotestcases.Trello_01_trelloLoginPageAfterLogin -->
    </test> <!-- Default test -->
  </suite> <!-- Default suite -->
</testng-results>
